<?xml version="1.0" encoding="UTF-8"?>
<!-- Generated by org.testng.reporters.JUnitXMLReporter -->
<testsuite ignored="0" hostname="DESKTOP-0AUTQTC" failures="0" tests="4" name="Default test" time="0.102" errors="0" timestamp="2023-02-22T21:07:30 IST">
  <testcase classname="Selenium.second.test2" name="C" time="0.017"/>
  <testcase classname="Selenium.second.test2" name="A" time="0.002"/>
  <testcase classname="Selenium.second.test2" name="B" time="0.004"/>
  <testcase classname="Selenium.second.test2" name="D" time="0.005"/>
</testsuite> <!-- Default test -->
