<?xml version="1.0" encoding="UTF-8"?>
<testng-results ignored="0" total="4" passed="4" failed="0" skipped="0">
  <reporter-output>
  </reporter-output>
  <suite started-at="2023-02-22T21:07:30 IST" name="Default suite" finished-at="2023-02-22T21:07:30 IST" duration-ms="102">
    <groups>
    </groups>
    <test started-at="2023-02-22T21:07:30 IST" name="Default test" finished-at="2023-02-22T21:07:30 IST" duration-ms="102">
      <class name="Selenium.second.test2">
        <test-method signature="C()[pri:-9, instance:Selenium.second.test2@a514af7]" started-at="2023-02-22T21:07:30 IST" name="C" finished-at="2023-02-22T21:07:30 IST" duration-ms="17" status="PASS">
          <reporter-output>
          </reporter-output>
        </test-method> <!-- C -->
        <test-method signature="A()[pri:-5, instance:Selenium.second.test2@a514af7]" started-at="2023-02-22T21:07:30 IST" name="A" finished-at="2023-02-22T21:07:30 IST" duration-ms="2" status="PASS">
          <reporter-output>
          </reporter-output>
        </test-method> <!-- A -->
        <test-method signature="B()[pri:-3, instance:Selenium.second.test2@a514af7]" started-at="2023-02-22T21:07:30 IST" name="B" finished-at="2023-02-22T21:07:30 IST" duration-ms="4" status="PASS">
          <reporter-output>
          </reporter-output>
        </test-method> <!-- B -->
        <test-method signature="D()[pri:5, instance:Selenium.second.test2@a514af7]" started-at="2023-02-22T21:07:30 IST" name="D" finished-at="2023-02-22T21:07:30 IST" duration-ms="5" status="PASS">
          <reporter-output>
          </reporter-output>
        </test-method> <!-- D -->
      </class> <!-- Selenium.second.test2 -->
    </test> <!-- Default test -->
  </suite> <!-- Default suite -->
</testng-results>
